<?xml version="1.0" encoding="UTF-8"?>
<testng-results ignored="0" total="1" passed="1" failed="0" skipped="0">
  <reporter-output>
  </reporter-output>
  <suite started-at="2022-02-28T01:12:02 IST" name="eBankingAutomationV1" finished-at="2022-02-28T01:12:11 IST" duration-ms="9596">
    <groups>
    </groups>
    <test started-at="2022-02-28T01:12:02 IST" name="Banking App Test" finished-at="2022-02-28T01:12:11 IST" duration-ms="9596">
      <class name="com.eBankingAutomationV1.testCases.TC_LoginTest_001">
        <test-method is-config="true" signature="setup(java.lang.String)[pri:0, instance:com.eBankingAutomationV1.testCases.TC_LoginTest_001@35e2d654]" started-at="2022-02-28T01:12:02 IST" name="setup" finished-at="2022-02-28T01:12:09 IST" duration-ms="6840" status="PASS">
          <params>
            <param index="0">
              <value>
                <![CDATA[chrome]]>
              </value>
            </param>
          </params>
          <reporter-output>
          </reporter-output>
        </test-method> <!-- setup -->
        <test-method signature="loginTest()[pri:0, instance:com.eBankingAutomationV1.testCases.TC_LoginTest_001@35e2d654]" started-at="2022-02-28T01:12:09 IST" name="loginTest" finished-at="2022-02-28T01:12:11 IST" duration-ms="1921" status="PASS">
          <reporter-output>
          </reporter-output>
        </test-method> <!-- loginTest -->
        <test-method is-config="true" signature="teardown()[pri:0, instance:com.eBankingAutomationV1.testCases.TC_LoginTest_001@35e2d654]" started-at="2022-02-28T01:12:11 IST" name="teardown" finished-at="2022-02-28T01:12:11 IST" duration-ms="251" status="PASS">
          <reporter-output>
          </reporter-output>
        </test-method> <!-- teardown -->
      </class> <!-- com.eBankingAutomationV1.testCases.TC_LoginTest_001 -->
    </test> <!-- Banking App Test -->
  </suite> <!-- eBankingAutomationV1 -->
</testng-results>
